<?xml version="1.0" encoding="UTF-8"?>
<!-- Generated by org.testng.reporters.JUnitXMLReporter -->
<testsuite ignored="0" hostname="DESKTOP-1ODSTUU" failures="0" tests="6" name="Default test" time="178.343" errors="0" timestamp="2025-03-28T00:55:24 IST">
  <testcase classname="test.QafoxTest" name="testHomePage" time="40.98"/>
  <testcase classname="test.QafoxTest" name="testRegister" time="12.355"/>
  <testcase classname="test.QafoxTest" name="testLogin" time="8.247"/>
  <testcase classname="test.QafoxTest" name="testForgotPassword" time="9.951"/>
  <testcase classname="test.QafoxTest" name="testSearch" time="23.595"/>
  <testcase classname="test.QafoxTest" name="testCategoryNavigation" time="31.182"/>
</testsuite> <!-- Default test -->
