<?xml version="1.0" encoding="UTF-8"?>
<testng-results ignored="0" total="6" passed="6" failed="0" skipped="0">
  <reporter-output>
  </reporter-output>
  <suite started-at="2025-03-28T00:52:26 IST" name="Default suite" finished-at="2025-03-28T00:55:24 IST" duration-ms="178343">
    <groups>
    </groups>
    <test started-at="2025-03-28T00:52:26 IST" name="Default test" finished-at="2025-03-28T00:55:24 IST" duration-ms="178343">
      <class name="test.QafoxTest">
        <test-method is-config="true" signature="setup()[pri:0, instance:test.QafoxTest@15de0b3c]" started-at="2025-03-28T00:52:26 IST" name="setup" finished-at="2025-03-28T00:52:46 IST" duration-ms="20336" status="PASS">
          <reporter-output>
          </reporter-output>
        </test-method> <!-- setup -->
        <test-method signature="testHomePage()[pri:1, instance:test.QafoxTest@15de0b3c]" started-at="2025-03-28T00:52:46 IST" name="testHomePage" finished-at="2025-03-28T00:53:27 IST" duration-ms="40980" status="PASS">
          <reporter-output>
          </reporter-output>
        </test-method> <!-- testHomePage -->
        <test-method is-config="true" signature="teardown()[pri:0, instance:test.QafoxTest@15de0b3c]" started-at="2025-03-28T00:53:27 IST" name="teardown" finished-at="2025-03-28T00:53:28 IST" duration-ms="1104" status="PASS">
          <reporter-output>
          </reporter-output>
        </test-method> <!-- teardown -->
        <test-method is-config="true" signature="setup()[pri:0, instance:test.QafoxTest@15de0b3c]" started-at="2025-03-28T00:53:28 IST" name="setup" finished-at="2025-03-28T00:53:33 IST" duration-ms="4744" status="PASS">
          <reporter-output>
          </reporter-output>
        </test-method> <!-- setup -->
        <test-method signature="testRegister()[pri:2, instance:test.QafoxTest@15de0b3c]" started-at="2025-03-28T00:53:33 IST" name="testRegister" finished-at="2025-03-28T00:53:45 IST" duration-ms="12355" status="PASS">
          <reporter-output>
          </reporter-output>
        </test-method> <!-- testRegister -->
        <test-method is-config="true" signature="teardown()[pri:0, instance:test.QafoxTest@15de0b3c]" started-at="2025-03-28T00:53:45 IST" name="teardown" finished-at="2025-03-28T00:53:47 IST" duration-ms="2055" status="PASS">
          <reporter-output>
          </reporter-output>
        </test-method> <!-- teardown -->
        <test-method is-config="true" signature="setup()[pri:0, instance:test.QafoxTest@15de0b3c]" started-at="2025-03-28T00:53:47 IST" name="setup" finished-at="2025-03-28T00:53:52 IST" duration-ms="4186" status="PASS">
          <reporter-output>
          </reporter-output>
        </test-method> <!-- setup -->
        <test-method signature="testLogin()[pri:3, instance:test.QafoxTest@15de0b3c]" started-at="2025-03-28T00:53:52 IST" name="testLogin" finished-at="2025-03-28T00:54:00 IST" depends-on-methods="test.QafoxTest.testRegister" duration-ms="8247" status="PASS">
          <reporter-output>
          </reporter-output>
        </test-method> <!-- testLogin -->
        <test-method is-config="true" signature="teardown()[pri:0, instance:test.QafoxTest@15de0b3c]" started-at="2025-03-28T00:54:00 IST" name="teardown" finished-at="2025-03-28T00:54:01 IST" duration-ms="979" status="PASS">
          <reporter-output>
          </reporter-output>
        </test-method> <!-- teardown -->
        <test-method is-config="true" signature="setup()[pri:0, instance:test.QafoxTest@15de0b3c]" started-at="2025-03-28T00:54:01 IST" name="setup" finished-at="2025-03-28T00:54:06 IST" duration-ms="5376" status="PASS">
          <reporter-output>
          </reporter-output>
        </test-method> <!-- setup -->
        <test-method signature="testForgotPassword()[pri:4, instance:test.QafoxTest@15de0b3c]" started-at="2025-03-28T00:54:06 IST" name="testForgotPassword" finished-at="2025-03-28T00:54:16 IST" duration-ms="9951" status="PASS">
          <reporter-output>
          </reporter-output>
        </test-method> <!-- testForgotPassword -->
        <test-method is-config="true" signature="teardown()[pri:0, instance:test.QafoxTest@15de0b3c]" started-at="2025-03-28T00:54:16 IST" name="teardown" finished-at="2025-03-28T00:54:20 IST" duration-ms="4080" status="PASS">
          <reporter-output>
          </reporter-output>
        </test-method> <!-- teardown -->
        <test-method is-config="true" signature="setup()[pri:0, instance:test.QafoxTest@15de0b3c]" started-at="2025-03-28T00:54:20 IST" name="setup" finished-at="2025-03-28T00:54:25 IST" duration-ms="4318" status="PASS">
          <reporter-output>
          </reporter-output>
        </test-method> <!-- setup -->
        <test-method signature="testSearch()[pri:5, instance:test.QafoxTest@15de0b3c]" started-at="2025-03-28T00:54:25 IST" name="testSearch" finished-at="2025-03-28T00:54:48 IST" duration-ms="23595" status="PASS">
          <reporter-output>
          </reporter-output>
        </test-method> <!-- testSearch -->
        <test-method is-config="true" signature="teardown()[pri:0, instance:test.QafoxTest@15de0b3c]" started-at="2025-03-28T00:54:48 IST" name="teardown" finished-at="2025-03-28T00:54:49 IST" duration-ms="590" status="PASS">
          <reporter-output>
          </reporter-output>
        </test-method> <!-- teardown -->
        <test-method is-config="true" signature="setup()[pri:0, instance:test.QafoxTest@15de0b3c]" started-at="2025-03-28T00:54:49 IST" name="setup" finished-at="2025-03-28T00:54:52 IST" duration-ms="3050" status="PASS">
          <reporter-output>
          </reporter-output>
        </test-method> <!-- setup -->
        <test-method signature="testCategoryNavigation()[pri:6, instance:test.QafoxTest@15de0b3c]" started-at="2025-03-28T00:54:52 IST" name="testCategoryNavigation" finished-at="2025-03-28T00:55:23 IST" duration-ms="31182" status="PASS">
          <reporter-output>
          </reporter-output>
        </test-method> <!-- testCategoryNavigation -->
        <test-method is-config="true" signature="teardown()[pri:0, instance:test.QafoxTest@15de0b3c]" started-at="2025-03-28T00:55:23 IST" name="teardown" finished-at="2025-03-28T00:55:24 IST" duration-ms="760" status="PASS">
          <reporter-output>
          </reporter-output>
        </test-method> <!-- teardown -->
      </class> <!-- test.QafoxTest -->
    </test> <!-- Default test -->
  </suite> <!-- Default suite -->
</testng-results>
