<?xml version="1.0" encoding="UTF-8"?>
<!-- Generated by org.testng.reporters.JUnitXMLReporter -->
<testsuite ignored="0" hostname="DESKTOP-1ODSTUU" failures="0" tests="4" name="Test" time="30.969" errors="0" timestamp="2025-03-13T11:36:04 IST">
  <testcase classname="Test.search" name="Loaptop" time="4.151"/>
  <testcase classname="Test.search" name="Mobile" time="3.329"/>
  <testcase classname="Test.search" name="book" time="5.353"/>
  <testcase classname="Test.search" name="charger" time="3.108"/>
</testsuite> <!-- Test -->
